<?xml version="1.0" encoding="UTF-8"?>
<!-- Generated by org.testng.reporters.JUnitReportReporter -->
<testsuite hostname="ASUS-TUF-F15" failures="0" tests="1" name="com.app.mock.entertainment.LaunchNetflix" time="14.608" errors="0" timestamp="2024-08-01T15:14:16 IST" skipped="0">
  <testcase classname="com.app.mock.entertainment.LaunchNetflix" name="launchNetflixTest" time="14.608">
    <system-out>
      <![CDATA[Executing launchNetflixTest
Launching Netflix...]]>
    </system-out>
  </testcase> <!-- launchNetflixTest -->
  <system-out>
    <![CDATA[firefox browser launched---
Executing launchNetflixTest
Launching Netflix...
--Test case executed-
--Browser closed---]]>
  </system-out>
</testsuite> <!-- com.app.mock.entertainment.LaunchNetflix -->
