<?xml version="1.0" encoding="UTF-8"?>
<!-- Generated by org.testng.reporters.JUnitReportReporter -->
<testsuite hostname="ASUS-TUF-F15" failures="0" tests="1" name="com.app.mock.ecomTest.LaunchAmazonTest" time="1.357" errors="0" timestamp="2024-08-01T16:26:26 IST" skipped="0">
  <testcase classname="com.app.mock.ecomTest.LaunchAmazonTest" name="launchAmazonTest" time="1.357">
    <system-out>
      <![CDATA[Executing launchAmazonTest
Launching Amazon...
Amazon launched...]]>
    </system-out>
  </testcase> <!-- launchAmazonTest -->
  <system-out>
    <![CDATA[firefox browser launched---
Executing launchAmazonTest
Launching Amazon...
Amazon launched...
--Test case executed-
--Browser closed---

firefox browser launched---
Executing launchFlipkartTest
Launching Flipkart...
Flipkart launched...
--Test case executed-
--Browser closed---
]]>
  </system-out>
</testsuite> <!-- com.app.mock.ecomTest.LaunchAmazonTest -->
