<?xml version="1.0" encoding="UTF-8"?>
<!-- Generated by org.testng.reporters.JUnitReportReporter -->
<testsuite hostname="ASUS-TUF-F15" failures="0" tests="1" name="com.app.mock.food.LaunchZomato" time="3.290" errors="0" timestamp="2024-08-01T15:17:22 IST" skipped="0">
  <testcase classname="com.app.mock.food.LaunchZomato" name="launchZomatoTest" time="3.290">
    <system-out>
      <![CDATA[Executing launchZomatoTest
Launching Zomato...]]>
    </system-out>
  </testcase> <!-- launchZomatoTest -->
  <system-out>
    <![CDATA[firefox browser launched---
Executing launchZomatoTest
Launching Zomato...
--Test case executed-
--Browser closed---]]>
  </system-out>
</testsuite> <!-- com.app.mock.food.LaunchZomato -->
