<?xml version="1.0" encoding="UTF-8"?>
<!-- Generated by org.testng.reporters.JUnitReportReporter -->
<testsuite hostname="ASUS-TUF-F15" failures="0" tests="1" name="com.app.mock.beauty.LaunchLoreal" time="1.081" errors="0" timestamp="2024-08-01T15:24:32 IST" skipped="0">
  <testcase classname="com.app.mock.beauty.LaunchLoreal" name="launchLorealTest" time="1.081">
    <system-out>
      <![CDATA[Executing launchLorealTest
Loreal Paris launched...]]>
    </system-out>
  </testcase> <!-- launchLorealTest -->
  <system-out>
    <![CDATA[firefox browser launched---
Executing launchLorealTest
Loreal Paris launched...
--Test case executed-
--Browser closed---]]>
  </system-out>
</testsuite> <!-- com.app.mock.beauty.LaunchLoreal -->
