<?xml version="1.0" encoding="UTF-8"?>
<!-- Generated by org.testng.reporters.JUnitReportReporter -->
<testsuite hostname="ASUS-TUF-F15" failures="0" tests="1" name="com.app.mock.beauty.LaunchSugar" time="23.536" errors="0" timestamp="2024-08-01T15:26:43 IST" skipped="0">
  <testcase classname="com.app.mock.beauty.LaunchSugar" name="launchSugarTest" time="23.536">
    <system-out>
      <![CDATA[Executing launchSugarTest
Sugar cosmatics launched...]]>
    </system-out>
  </testcase> <!-- launchSugarTest -->
  <system-out>
    <![CDATA[firefox browser launched---
Executing launchSugarTest
Sugar cosmatics launched...
--Test case executed-
--Browser closed---]]>
  </system-out>
</testsuite> <!-- com.app.mock.beauty.LaunchSugar -->
