<?xml version="1.0" encoding="UTF-8"?>
<!-- Generated by org.testng.reporters.JUnitReportReporter -->
<testsuite hostname="ASUS-TUF-F15" failures="0" tests="1" name="com.app.mock.entertainmentTest.LaunchPrimeTest" time="2.008" errors="0" timestamp="2024-08-01T17:37:34 IST" skipped="0">
  <testcase classname="com.app.mock.entertainmentTest.LaunchPrimeTest" name="launchPrimeTest" time="2.008">
    <system-out>
      <![CDATA[Executing launchPrimeTest
Launching Prime...
Prime video launched...]]>
    </system-out>
  </testcase> <!-- launchPrimeTest -->
  <system-out>
    <![CDATA[chrome browser launched---
Executing launchSugarTest
firefox browser launched---
Executing launchAmazonTest
Launching Amazon...
Amazon launched...
--Test case executed-
--Browser closed---

firefox browser launched---
Executing launchFlipkartTest
Launching Flipkart...
Flipkart launched...
--Test case executed-
--Browser closed---

microsoftedge browser launched---
Executing launchPrimeTest
Launching Prime...
Prime video launched...
--Test case executed-
--Browser closed---

microsoftedge browser launched---
Executing launchNetflixTest
Launching Sugar Cosmetic...
Sugar cosmatics launched...
--Test case executed-
--Browser closed---

Launching Netflix...
Netflix launched...
--Test case executed-
chrome browser launched---
Executing launchLorealTest
--Browser closed---

Launching Loreal Paris...
Loreal Paris launched...
--Test case executed-
chrome browser launched---
Executing launchSwiggyTest
--Browser closed---

Launching Swiggy...
Swiggy launched...
--Test case executed-
--Browser closed---

chrome browser launched---
Executing launchZomatoTest
Launching Zomato...
Zomato launched...
--Test case executed-
--Browser closed---
]]>
  </system-out>
</testsuite> <!-- com.app.mock.entertainmentTest.LaunchPrimeTest -->
