<?xml version="1.0" encoding="UTF-8"?>
<!-- Generated by org.testng.reporters.JUnitReportReporter -->
<testsuite hostname="ASUS-TUF-F15" failures="0" tests="1" name="com.app.mock.ecom.LaunchAmazon" time="1.731" errors="0" timestamp="2024-08-01T15:09:59 IST" skipped="0">
  <testcase classname="com.app.mock.ecom.LaunchAmazon" name="launchFlipkartTest" time="1.731">
    <system-out>
      <![CDATA[Executing launchFlipkartTest
Launching Flipkart...]]>
    </system-out>
  </testcase> <!-- launchFlipkartTest -->
  <system-out>
    <![CDATA[firefox browser launched---
Executing launchFlipkartTest
Launching Flipkart...
--Test case executed-
--Browser closed---]]>
  </system-out>
</testsuite> <!-- com.app.mock.ecom.LaunchAmazon -->
