<?xml version="1.0" encoding="UTF-8"?>
<!-- Generated by org.testng.reporters.JUnitReportReporter -->
<testsuite hostname="ASUS-TUF-F15" failures="0" tests="1" name="com.app.mock.beautyTest.LaunchLorealTest" time="1.363" errors="0" timestamp="2024-08-01T16:05:44 IST" skipped="0">
  <testcase classname="com.app.mock.beautyTest.LaunchLorealTest" name="launchLorealTest" time="1.363">
    <system-out>
      <![CDATA[Executing launchLorealTest
Launching Loreal Paris...
Loreal Paris launched...]]>
    </system-out>
  </testcase> <!-- launchLorealTest -->
  <system-out>
    <![CDATA[firefox browser launched---
Executing launchSugarTest
Launching Sugar Cosmetic...
Sugar cosmatics launched...
--Test case executed-
--Browser closed---

firefox browser launched---
Executing launchLorealTest
Launching Loreal Paris...
Loreal Paris launched...
--Test case executed-
--Browser closed---
]]>
  </system-out>
</testsuite> <!-- com.app.mock.beautyTest.LaunchLorealTest -->
