<?xml version="1.0" encoding="UTF-8"?>
<!-- Generated by org.testng.reporters.JUnitReportReporter -->
<testsuite hostname="ASUS-TUF-F15" failures="0" tests="1" name="com.app.mock.beautyTest.LaunchLorealTest" time="1.262" errors="0" timestamp="2024-08-01T17:03:20 IST" skipped="0">
  <testcase classname="com.app.mock.beautyTest.LaunchLorealTest" name="launchLorealTest" time="1.262">
    <system-out>
      <![CDATA[Executing launchLorealTest
Launching Loreal Paris...
Loreal Paris launched...]]>
    </system-out>
  </testcase> <!-- launchLorealTest -->
  <system-out>
    <![CDATA[chrome browser launched---
Executing launchSugarTest
Launching Sugar Cosmetic...
Sugar cosmatics launched...
--Test case executed-
--Browser closed---

chrome browser launched---
Executing launchLorealTest
Launching Loreal Paris...
Loreal Paris launched...
--Test case executed-
--Browser closed---

chrome browser launched---
Executing launchNetflixTest
Launching Netflix...
Netflix launched...
--Test case executed-
--Browser closed---

chrome browser launched---
Executing launchPrimeTest
Launching Prime...
Prime video launched...
--Test case executed-
--Browser closed---

chrome browser launched---
Executing launchAmazonTest
Launching Amazon...
Amazon launched...
--Test case executed-
--Browser closed---

chrome browser launched---
Executing launchFlipkartTest
Launching Flipkart...
Flipkart launched...
--Test case executed-
--Browser closed---

chrome browser launched---
Executing launchSwiggyTest
Launching Swiggy...
Swiggy launched...
--Test case executed-
--Browser closed---

chrome browser launched---
Executing launchZomatoTest
Launching Zomato...
Zomato launched...
--Test case executed-
--Browser closed---
]]>
  </system-out>
</testsuite> <!-- com.app.mock.beautyTest.LaunchLorealTest -->
