<?xml version="1.0" encoding="UTF-8"?>
<!-- Generated by org.testng.reporters.JUnitReportReporter -->
<testsuite hostname="ASUS-TUF-F15" failures="0" tests="1" name="com.app.mock.ecom.LaunchFlipkartTest" time="1.692" errors="0" timestamp="2024-08-01T15:31:11 IST" skipped="0">
  <testcase classname="com.app.mock.ecom.LaunchFlipkartTest" name="launchFlipkartTest" time="1.692">
    <system-out>
      <![CDATA[Executing launchFlipkartTest
Launching Flipkart...
Flipkart launched...]]>
    </system-out>
  </testcase> <!-- launchFlipkartTest -->
  <system-out>
    <![CDATA[firefox browser launched---
Executing launchFlipkartTest
Launching Flipkart...
Flipkart launched...
--Test case executed-
--Browser closed---]]>
  </system-out>
</testsuite> <!-- com.app.mock.ecom.LaunchFlipkartTest -->
